<?xml version="1.0" encoding="UTF-8"?>
<testsuite name="com.pantanal.test.RentServiceTest" tests="1" skipped="0" failures="0" errors="0" timestamp="2019-02-15T04:29:45" hostname="shenn-litscopedeMacBook-Pro.local" time="0.058">
  <properties/>
  <testcase name="testProxyIp" classname="com.pantanal.test.RentServiceTest" time="0.058"/>
  <system-out><![CDATA[12:29:21.169 [Test worker] DEBUG org.springframework.test.context.junit4.SpringJUnit4ClassRunner - SpringJUnit4ClassRunner constructor called with [class com.pantanal.test.RentServiceTest]
12:29:21.176 [Test worker] DEBUG org.springframework.test.context.BootstrapUtils - Instantiating CacheAwareContextLoaderDelegate from class [org.springframework.test.context.cache.DefaultCacheAwareContextLoaderDelegate]
12:29:21.189 [Test worker] DEBUG org.springframework.test.context.BootstrapUtils - Instantiating BootstrapContext using constructor [public org.springframework.test.context.support.DefaultBootstrapContext(java.lang.Class,org.springframework.test.context.CacheAwareContextLoaderDelegate)]
12:29:21.198 [Test worker] DEBUG org.springframework.test.context.BootstrapUtils - Instantiating TestContextBootstrapper for test class [com.pantanal.test.RentServiceTest] from class [org.springframework.test.context.web.WebTestContextBootstrapper]
12:29:21.238 [Test worker] DEBUG org.springframework.test.context.web.WebTestContextBootstrapper - Found explicit ContextLoader class [org.springframework.boot.test.SpringApplicationContextLoader] for context configuration attributes [ContextConfigurationAttributes@327dc9c7 declaringClass = 'com.pantanal.test.RentServiceTest', classes = '{class com.pantanal.data.PantanalApplication}', locations = '{}', inheritLocations = true, initializers = '{}', inheritInitializers = true, name = [null], contextLoaderClass = 'org.springframework.boot.test.SpringApplicationContextLoader']
12:29:21.259 [Test worker] DEBUG org.springframework.test.context.support.AbstractContextLoader - Did not detect default resource location for test class [com.pantanal.test.RentServiceTest]: class path resource [com/pantanal/test/RentServiceTest-context.xml] does not exist
12:29:21.261 [Test worker] DEBUG org.springframework.test.context.support.AbstractContextLoader - Did not detect default resource location for test class [com.pantanal.test.RentServiceTest]: class path resource [com/pantanal/test/RentServiceTestContext.groovy] does not exist
12:29:21.262 [Test worker] INFO org.springframework.test.context.support.AbstractContextLoader - Could not detect default resource locations for test class [com.pantanal.test.RentServiceTest]: no resource found for suffixes {-context.xml, Context.groovy}.
12:29:21.339 [Test worker] DEBUG org.springframework.test.context.support.ActiveProfilesUtils - Could not find an 'annotation declaring class' for annotation type [org.springframework.test.context.ActiveProfiles] and class [com.pantanal.test.RentServiceTest]
12:29:21.340 [Test worker] DEBUG org.springframework.test.context.web.WebTestContextBootstrapper - @TestExecutionListeners is not present for class [com.pantanal.test.RentServiceTest]: using defaults.
12:29:21.346 [Test worker] INFO org.springframework.test.context.web.WebTestContextBootstrapper - Loaded default TestExecutionListener class names from location [META-INF/spring.factories]: [org.springframework.boot.test.autoconfigure.restdocs.RestDocsTestExecutionListener, org.springframework.boot.test.autoconfigure.web.client.MockRestServiceServerResetTestExecutionListener, org.springframework.boot.test.autoconfigure.web.servlet.MockMvcPrintOnlyOnFailureTestExecutionListener, org.springframework.boot.test.autoconfigure.web.servlet.WebDriverTestExecutionListener, org.springframework.boot.test.mock.mockito.MockitoTestExecutionListener, org.springframework.boot.test.mock.mockito.ResetMocksTestExecutionListener, org.springframework.test.context.web.ServletTestExecutionListener, org.springframework.test.context.support.DirtiesContextBeforeModesTestExecutionListener, org.springframework.test.context.support.DependencyInjectionTestExecutionListener, org.springframework.test.context.support.DirtiesContextTestExecutionListener, org.springframework.test.context.transaction.TransactionalTestExecutionListener, org.springframework.test.context.jdbc.SqlScriptsTestExecutionListener]
12:29:21.364 [Test worker] INFO org.springframework.test.context.web.WebTestContextBootstrapper - Using TestExecutionListeners: [org.springframework.test.context.web.ServletTestExecutionListener@96fd781, org.springframework.test.context.support.DirtiesContextBeforeModesTestExecutionListener@509d6a01, org.springframework.test.context.support.DependencyInjectionTestExecutionListener@1aca52c2, org.springframework.test.context.support.DirtiesContextTestExecutionListener@23f68cd7, org.springframework.test.context.transaction.TransactionalTestExecutionListener@545284f7, org.springframework.test.context.jdbc.SqlScriptsTestExecutionListener@6f24211e, org.springframework.boot.test.autoconfigure.web.client.MockRestServiceServerResetTestExecutionListener@2730227a, org.springframework.boot.test.autoconfigure.web.servlet.MockMvcPrintOnlyOnFailureTestExecutionListener@3037927f, org.springframework.boot.test.autoconfigure.web.servlet.WebDriverTestExecutionListener@7082ddb2, org.springframework.boot.test.mock.mockito.MockitoTestExecutionListener@3e603e6d, org.springframework.boot.test.autoconfigure.restdocs.RestDocsTestExecutionListener@1865e829, org.springframework.boot.test.mock.mockito.ResetMocksTestExecutionListener@144d2530]
12:29:21.367 [Test worker] DEBUG org.springframework.test.annotation.ProfileValueUtils - Retrieved @ProfileValueSourceConfiguration [null] for test class [com.pantanal.test.RentServiceTest]
12:29:21.368 [Test worker] DEBUG org.springframework.test.annotation.ProfileValueUtils - Retrieved ProfileValueSource type [class org.springframework.test.annotation.SystemProfileValueSource] for class [com.pantanal.test.RentServiceTest]
12:29:21.373 [Test worker] DEBUG org.springframework.test.annotation.ProfileValueUtils - Retrieved @ProfileValueSourceConfiguration [null] for test class [com.pantanal.test.RentServiceTest]
12:29:21.373 [Test worker] DEBUG org.springframework.test.annotation.ProfileValueUtils - Retrieved ProfileValueSource type [class org.springframework.test.annotation.SystemProfileValueSource] for class [com.pantanal.test.RentServiceTest]
12:29:21.374 [Test worker] DEBUG org.springframework.test.annotation.ProfileValueUtils - Retrieved @ProfileValueSourceConfiguration [null] for test class [com.pantanal.test.RentServiceTest]
12:29:21.374 [Test worker] DEBUG org.springframework.test.annotation.ProfileValueUtils - Retrieved ProfileValueSource type [class org.springframework.test.annotation.SystemProfileValueSource] for class [com.pantanal.test.RentServiceTest]
12:29:21.376 [Test worker] DEBUG org.springframework.test.context.support.AbstractDirtiesContextTestExecutionListener - Before test class: context [DefaultTestContext@34add712 testClass = RentServiceTest, testInstance = [null], testMethod = [null], testException = [null], mergedContextConfiguration = [WebMergedContextConfiguration@74e5632c testClass = RentServiceTest, locations = '{}', classes = '{class com.pantanal.data.PantanalApplication}', contextInitializerClasses = '[]', activeProfiles = '{}', propertySourceLocations = '{}', propertySourceProperties = '{}', contextCustomizers = set[org.springframework.boot.test.autoconfigure.properties.PropertyMappingContextCustomizer@0, org.springframework.boot.test.autoconfigure.web.servlet.WebDriverContextCustomizerFactory$Customizer@577a2945, org.springframework.boot.test.context.filter.ExcludeFilterContextCustomizer@5b3cc5a5, org.springframework.boot.test.mock.mockito.MockitoContextCustomizer@0, org.springframework.test.context.web.socket.MockServerContainerContextCustomizer@5a03da34], resourceBasePath = 'src/main/webapp', contextLoader = 'org.springframework.boot.test.SpringApplicationContextLoader', parent = [null]]], class annotated with @DirtiesContext [false] with mode [null].
12:29:21.377 [Test worker] DEBUG org.springframework.test.annotation.ProfileValueUtils - Retrieved @ProfileValueSourceConfiguration [null] for test class [com.pantanal.test.RentServiceTest]
12:29:21.380 [Test worker] DEBUG org.springframework.test.annotation.ProfileValueUtils - Retrieved ProfileValueSource type [class org.springframework.test.annotation.SystemProfileValueSource] for class [com.pantanal.test.RentServiceTest]
12:29:21.458 [Test worker] DEBUG org.springframework.core.env.StandardEnvironment - Adding [systemProperties] PropertySource with lowest search precedence
12:29:21.459 [Test worker] DEBUG org.springframework.core.env.StandardEnvironment - Adding [systemEnvironment] PropertySource with lowest search precedence
12:29:21.460 [Test worker] DEBUG org.springframework.core.env.StandardEnvironment - Initialized StandardEnvironment with PropertySources [systemProperties,systemEnvironment]
12:29:21.462 [Test worker] DEBUG org.springframework.core.env.StandardEnvironment - Adding [integrationTest] PropertySource with search precedence immediately lower than [systemEnvironment]

  .   ____          _            __ _ _
 /\\ / ___'_ __ _ _(_)_ __  __ _ \ \ \ \
( ( )\___ | '_ | '_| | '_ \/ _` | \ \ \ \
 \\/  ___)| |_)| | | | | || (_| |  ) ) ) )
  '  |____| .__|_| |_|_| |_\__, | / / / /
 =========|_|==============|___/=/_/_/_/
 :: Spring Boot ::        (v1.4.5.RELEASE)

2019-02-15 12:29:31.906  INFO 1140 --- [    Test worker] com.pantanal.test.RentServiceTest        : Starting RentServiceTest on shenn-litscopedeMacBook-Pro.local with PID 1140 (started by shenn-litscope in /Users/shenn-litscope/git-Litscope/data-cloud)
2019-02-15 12:29:31.907  INFO 1140 --- [    Test worker] com.pantanal.test.RentServiceTest        : No active profile set, falling back to default profiles: default
2019-02-15 12:29:31.996  INFO 1140 --- [    Test worker] o.s.w.c.s.GenericWebApplicationContext   : Refreshing org.springframework.web.context.support.GenericWebApplicationContext@44964942: startup date [Fri Feb 15 12:29:31 CST 2019]; root of context hierarchy
2019-02-15 12:29:32.843  INFO 1140 --- [    Test worker] .s.d.r.c.RepositoryConfigurationDelegate : Multiple Spring Data modules found, entering strict repository configuration mode!
2019-02-15 12:29:33.188  INFO 1140 --- [    Test worker] trationDelegate$BeanPostProcessorChecker : Bean 'org.springframework.transaction.annotation.ProxyTransactionManagementConfiguration' of type [org.springframework.transaction.annotation.ProxyTransactionManagementConfiguration$$EnhancerBySpringCGLIB$$4a81f48e] is not eligible for getting processed by all BeanPostProcessors (for example: not eligible for auto-proxying)
2019-02-15 12:29:36.822  INFO 1140 --- [    Test worker] com.alibaba.druid.pool.DruidDataSource   : {dataSource-1} inited
2019-02-15 12:29:44.706  INFO 1140 --- [    Test worker] s.w.s.m.m.a.RequestMappingHandlerAdapter : Looking for @ControllerAdvice: org.springframework.web.context.support.GenericWebApplicationContext@44964942: startup date [Fri Feb 15 12:29:31 CST 2019]; root of context hierarchy
2019-02-15 12:29:44.869  INFO 1140 --- [    Test worker] s.w.s.m.m.a.RequestMappingHandlerMapping : Mapped "{[/wx/quote/renthouse],methods=[GET]}" onto public java.lang.String com.pantanal.data.web.QuoteController.getWeeklyRentHouseQuoteSeries()
2019-02-15 12:29:44.872  INFO 1140 --- [    Test worker] s.w.s.m.m.a.RequestMappingHandlerMapping : Mapped "{[/error]}" onto public org.springframework.http.ResponseEntity<java.util.Map<java.lang.String, java.lang.Object>> org.springframework.boot.autoconfigure.web.BasicErrorController.error(javax.servlet.http.HttpServletRequest)
2019-02-15 12:29:44.872  INFO 1140 --- [    Test worker] s.w.s.m.m.a.RequestMappingHandlerMapping : Mapped "{[/error],produces=[text/html]}" onto public org.springframework.web.servlet.ModelAndView org.springframework.boot.autoconfigure.web.BasicErrorController.errorHtml(javax.servlet.http.HttpServletRequest,javax.servlet.http.HttpServletResponse)
2019-02-15 12:29:44.903  INFO 1140 --- [    Test worker] o.s.w.s.handler.SimpleUrlHandlerMapping  : Mapped URL path [/webjars/**] onto handler of type [class org.springframework.web.servlet.resource.ResourceHttpRequestHandler]
2019-02-15 12:29:44.903  INFO 1140 --- [    Test worker] o.s.w.s.handler.SimpleUrlHandlerMapping  : Mapped URL path [/**] onto handler of type [class org.springframework.web.servlet.resource.ResourceHttpRequestHandler]
2019-02-15 12:29:44.942  INFO 1140 --- [    Test worker] o.s.w.s.handler.SimpleUrlHandlerMapping  : Mapped URL path [/**/favicon.ico] onto handler of type [class org.springframework.web.servlet.resource.ResourceHttpRequestHandler]
2019-02-15 12:29:45.220  INFO 1140 --- [    Test worker] com.pantanal.test.RentServiceTest        : Started RentServiceTest in 23.749 seconds (JVM running for 24.662)
]]></system-out>
  <system-err><![CDATA[]]></system-err>
</testsuite>
